ELF Header:
  Magic:   7f 45 4c 46 01 02 01 00 00 00 00 00 00 00 00 00 
  Class:                             ELF32
  Data:                              2's complement, big endian
  Version:                           1 (current)
  OS/ABI:                            UNIX - System V
  ABI Version:                       0
  Type:                              EXEC (Executable file)
  Machine:                           MIPS R3000
  Version:                           0x1
  Entry point address:               0x8000c420
  Start of program headers:          52 (bytes into file)
  Start of section headers:          429020 (bytes into file)
  Flags:                             0x1001, noreorder, o32, mips1
  Size of this header:               52 (bytes)
  Size of program headers:           32 (bytes)
  Number of program headers:         2
  Size of section headers:           40 (bytes)
  Number of section headers:         21
  Section header string table index: 18

Section Headers:
  [Nr] Name              Type            Addr     Off    Size   ES Flg Lk Inf Al
  [ 0]                   NULL            00000000 000000 000000 00      0   0  0
  [ 1] .text             PROGBITS        80001000 001000 024370 00  AX  0   0 16
  [ 2] .rodata           PROGBITS        80025370 025370 0055a0 00   A  0   0 16
  [ 3] .reginfo          MIPS_REGINFO    8002a910 02a910 000018 18   A  0   0  4
  [ 4] .data             PROGBITS        8002a930 02a930 0001f0 00  WA  0   0 16
  [ 5] .bss              NOBITS          8002ab20 02ab20 001e30 00  WA  0   0 16
  [ 6] .stab             PROGBITS        00000000 02ab20 000f48 0c      7   0  4
  [ 7] .stabstr          STRTAB          00000000 02ba68 000239 00      0   0  1
  [ 8] .debug_aranges    MIPS_DWARF      00000000 02bca1 000b60 00      0   0  1
  [ 9] .debug_pubnames   MIPS_DWARF      00000000 02c801 001945 00      0   0  1
  [10] .debug_info       MIPS_DWARF      00000000 02e146 020125 00      0   0  1
  [11] .debug_abbrev     MIPS_DWARF      00000000 04e26b 005af9 00      0   0  1
  [12] .debug_line       MIPS_DWARF      00000000 053d64 005b9a 00      0   0  1
  [13] .debug_frame      MIPS_DWARF      00000000 059900 004180 00      0   0  4
  [14] .debug_str        MIPS_DWARF      00000000 05da80 0008b4 00      0   0  1
  [15] .debug_loc        MIPS_DWARF      00000000 05e334 005ba9 00      0   0  1
  [16] .pdr              PROGBITS        00000000 063ee0 0045c0 00      0   0  4
  [17] .comment          PROGBITS        00000000 0684a0 000678 00      0   0  1
  [18] .shstrtab         STRTAB          00000000 068b18 0000c2 00      0   0  1
  [19] .symtab           SYMTAB          00000000 068f24 0038b0 10     20 593  4
  [20] .strtab           STRTAB          00000000 06c7d4 0035b6 00      0   0  1
Key to Flags:
  W (write), A (alloc), X (execute), M (merge), S (strings)
  I (info), L (link order), G (group), x (unknown)
  O (extra OS processing required) o (OS specific), p (processor specific)

There are no section groups in this file.

Program Headers:
  Type           Offset   VirtAddr   PhysAddr   FileSiz MemSiz  Flg Align
  REGINFO        0x02a910 0x8002a910 0x8002a910 0x00018 0x00018 R   0x4
  LOAD           0x000000 0x80000000 0x80000000 0x2ab20 0x2c950 RWE 0x10000

 Section to Segment mapping:
  Segment Sections...
   00     .reginfo 
   01     .text .rodata .reginfo .data .bss 

There is no dynamic section in this file.

There are no relocations in this file.

There are no unwind sections in this file.

Symbol table '.symtab' contains 907 entries:
   Num:    Value  Size Type    Bind   Vis      Ndx Name
     0: 00000000     0 NOTYPE  LOCAL  DEFAULT  UND 
     1: 80001000     0 SECTION LOCAL  DEFAULT    1 
     2: 80025370     0 SECTION LOCAL  DEFAULT    2 
     3: 8002a910     0 SECTION LOCAL  DEFAULT    3 
     4: 8002a930     0 SECTION LOCAL  DEFAULT    4 
     5: 8002ab20     0 SECTION LOCAL  DEFAULT    5 
     6: 00000000     0 SECTION LOCAL  DEFAULT    6 
     7: 00000000     0 SECTION LOCAL  DEFAULT    7 
     8: 00000000     0 SECTION LOCAL  DEFAULT    8 
     9: 00000000     0 SECTION LOCAL  DEFAULT    9 
    10: 00000000     0 SECTION LOCAL  DEFAULT   10 
    11: 00000000     0 SECTION LOCAL  DEFAULT   11 
    12: 00000000     0 SECTION LOCAL  DEFAULT   12 
    13: 00000000     0 SECTION LOCAL  DEFAULT   13 
    14: 00000000     0 SECTION LOCAL  DEFAULT   14 
    15: 00000000     0 SECTION LOCAL  DEFAULT   15 
    16: 00000000     0 SECTION LOCAL  DEFAULT   16 
    17: 00000000     0 SECTION LOCAL  DEFAULT   17 
    18: 00000000     0 SECTION LOCAL  DEFAULT   18 
    19: 00000000     0 SECTION LOCAL  DEFAULT   19 
    20: 00000000     0 SECTION LOCAL  DEFAULT   20 
    21: 00000000     0 FILE    LOCAL  DEFAULT  ABS ../../dev/generic/rtclock
    22: 8002ab20     4 OBJECT  LOCAL  DEFAULT    5 the_clock
    23: 80025370    15 OBJECT  LOCAL  DEFAULT    2 __PRETTY_FUNCTION__.1049
    24: 800253d4     8 OBJECT  LOCAL  DEFAULT    2 __PRETTY_FUNCTION__.1061
    25: 00000000     0 FILE    LOCAL  DEFAULT  ABS ../../dev/lamebus/lrandom
    26: 00000000     0 FILE    LOCAL  DEFAULT  ABS ../../dev/generic/pseudor
    27: 00000000     0 FILE    LOCAL  DEFAULT  ABS ../../dev/lamebus/lamebus
    28: 80001794   104 FUNC    LOCAL  DEFAULT    1 read_cfg_register
    29: 800253f0    13 OBJECT  LOCAL  DEFAULT    2 __PRETTY_FUNCTION__.1067
    30: 80025488    15 OBJECT  LOCAL  DEFAULT    2 __PRETTY_FUNCTION__.1084
    31: 800254c4    25 OBJECT  LOCAL  DEFAULT    2 __PRETTY_FUNCTION__.1105
    32: 80025550    25 OBJECT  LOCAL  DEFAULT    2 __PRETTY_FUNCTION__.1130
    33: 800255c0    18 OBJECT  LOCAL  DEFAULT    2 __PRETTY_FUNCTION__.1153
    34: 8002ab30     4 OBJECT  LOCAL  DEFAULT    5 duds.1151
    35: 80002010    68 FUNC    LOCAL  DEFAULT    1 read_ctl_register
    36: 800020a4    76 FUNC    LOCAL  DEFAULT    1 write_ctl_register
    37: 800020f0   112 FUNC    LOCAL  DEFAULT    1 write_cfg_register
    38: 00000000     0 FILE    LOCAL  DEFAULT  ABS ../../dev/lamebus/lser.c
    39: 80025670     9 OBJECT  LOCAL  DEFAULT    2 __PRETTY_FUNCTION__.1120
    40: 800256e8    22 OBJECT  LOCAL  DEFAULT    2 __PRETTY_FUNCTION__.1187
    41: 800025b8   188 FUNC    LOCAL  DEFAULT    1 lser_spin_until_write
    42: 00000000     0 FILE    LOCAL  DEFAULT  ABS ../../dev/generic/beep.c
    43: 8002ab40     4 OBJECT  LOCAL  DEFAULT    5 the_beep
    44: 80025700    12 OBJECT  LOCAL  DEFAULT    2 __PRETTY_FUNCTION__.1035
    45: 00000000     0 FILE    LOCAL  DEFAULT  ABS ../../dev/lamebus/ltimer.
    46: 8002ab50     4 OBJECT  LOCAL  DEFAULT    5 haveclock
    47: 00000000     0 FILE    LOCAL  DEFAULT  ABS ../../dev/generic/console
    48: 8002ab60     4 OBJECT  LOCAL  DEFAULT    5 the_console
    49: 8002ab64     4 OBJECT  LOCAL  DEFAULT    5 con_userlock_read
    50: 8002ab68     4 OBJECT  LOCAL  DEFAULT    5 con_userlock_write
    51: 8002ab6c     4 OBJECT  LOCAL  DEFAULT    5 delayed_outbuf_pos
    52: 800257a0    14 OBJECT  LOCAL  DEFAULT    2 __PRETTY_FUNCTION__.1238
    53: 80002cf0   168 FUNC    LOCAL  DEFAULT    1 putch_delayed
    54: 8002ab70  1024 OBJECT  LOCAL  DEFAULT    5 delayed_outbuf
    55: 80002d98   140 FUNC    LOCAL  DEFAULT    1 flush_delay_buf
    56: 80002e24    92 FUNC    LOCAL  DEFAULT    1 putch_polled
    57: 80002e80   120 FUNC    LOCAL  DEFAULT    1 putch_intr
    58: 80002ef8    84 FUNC    LOCAL  DEFAULT    1 getch_intr
    59: 80025820     6 OBJECT  LOCAL  DEFAULT    2 __PRETTY_FUNCTION__.1303
    60: 80003194    44 FUNC    LOCAL  DEFAULT    1 con_open
    61: 800031c0    40 FUNC    LOCAL  DEFAULT    1 con_close
    62: 80025850     7 OBJECT  LOCAL  DEFAULT    2 __PRETTY_FUNCTION__.1332
    63: 800031e8   532 FUNC    LOCAL  DEFAULT    1 con_io
    64: 800033fc    48 FUNC    LOCAL  DEFAULT    1 con_ioctl
    65: 8000342c   280 FUNC    LOCAL  DEFAULT    1 attach_console_to_vfs
    66: 80025868    11 OBJECT  LOCAL  DEFAULT    2 __PRETTY_FUNCTION__.1395
    67: 00000000     0 FILE    LOCAL  DEFAULT  ABS ../../dev/lamebus/emu.c
    68: 80003848   100 FUNC    LOCAL  DEFAULT    1 emu_rreg
    69: 800038ac   108 FUNC    LOCAL  DEFAULT    1 emu_wreg
    70: 80003918   348 FUNC    LOCAL  DEFAULT    1 translate_err
    71: 80003a74   100 FUNC    LOCAL  DEFAULT    1 emu_waitdone
    72: 80003ad8   460 FUNC    LOCAL  DEFAULT    1 emu_open
    73: 80003ca4   324 FUNC    LOCAL  DEFAULT    1 emu_close
    74: 80025994    11 OBJECT  LOCAL  DEFAULT    2 __PRETTY_FUNCTION__.1524
    75: 80003de8   404 FUNC    LOCAL  DEFAULT    1 emu_doread
    76: 80003f7c    92 FUNC    LOCAL  DEFAULT    1 emu_read
    77: 80003fd8    92 FUNC    LOCAL  DEFAULT    1 emu_readdir
    78: 800259f8    10 OBJECT  LOCAL  DEFAULT    2 __PRETTY_FUNCTION__.1567
    79: 80004034   352 FUNC    LOCAL  DEFAULT    1 emu_write
    80: 80004194   216 FUNC    LOCAL  DEFAULT    1 emu_getsize
    81: 8000426c   192 FUNC    LOCAL  DEFAULT    1 emu_trunc
    82: 8000432c    84 FUNC    LOCAL  DEFAULT    1 emufs_open
    83: 80004380   136 FUNC    LOCAL  DEFAULT    1 emufs_opendir
    84: 80004408    40 FUNC    LOCAL  DEFAULT    1 emufs_close
    85: 80004430   748 FUNC    LOCAL  DEFAULT    1 emufs_reclaim
    86: 80025a4c    11 OBJECT  LOCAL  DEFAULT    2 __PRETTY_FUNCTION__.1701
    87: 8000471c   364 FUNC    LOCAL  DEFAULT    1 emufs_read
    88: 80025a70    18 OBJECT  LOCAL  DEFAULT    2 __PRETTY_FUNCTION__.1727
    89: 80004888   236 FUNC    LOCAL  DEFAULT    1 emufs_getdirentry
    90: 80025a84    12 OBJECT  LOCAL  DEFAULT    2 __PRETTY_FUNCTION__.1747
    91: 80004974   364 FUNC    LOCAL  DEFAULT    1 emufs_write
    92: 80004ae0    48 FUNC    LOCAL  DEFAULT    1 emufs_ioctl
    93: 80004b10   308 FUNC    LOCAL  DEFAULT    1 emufs_stat
    94: 80004c44    56 FUNC    LOCAL  DEFAULT    1 emufs_file_gettype
    95: 80004c7c    56 FUNC    LOCAL  DEFAULT    1 emufs_dir_gettype
    96: 80004cb4    80 FUNC    LOCAL  DEFAULT    1 emufs_tryseek
    97: 80004d04    40 FUNC    LOCAL  DEFAULT    1 emufs_fsync
    98: 80004d2c   112 FUNC    LOCAL  DEFAULT    1 emufs_truncate
    99: 80004d9c   352 FUNC    LOCAL  DEFAULT    1 emufs_creat
   100: 8000528c   824 FUNC    LOCAL  DEFAULT    1 emufs_loadvnode
   101: 80004efc   340 FUNC    LOCAL  DEFAULT    1 emufs_lookup
   102: 80005050   324 FUNC    LOCAL  DEFAULT    1 emufs_lookparent
   103: 80005194   140 FUNC    LOCAL  DEFAULT    1 emufs_namefile
   104: 80005220    36 FUNC    LOCAL  DEFAULT    1 emufs_notdir
   105: 80005244    36 FUNC    LOCAL  DEFAULT    1 emufs_isdir
   106: 80005268    36 FUNC    LOCAL  DEFAULT    1 emufs_unimp
   107: 80025ab0   100 OBJECT  LOCAL  DEFAULT    2 emufs_fileops
   108: 80025b14   100 OBJECT  LOCAL  DEFAULT    2 emufs_dirops
   109: 800055c4    40 FUNC    LOCAL  DEFAULT    1 emufs_sync
   110: 800055ec    40 FUNC    LOCAL  DEFAULT    1 emufs_getvolname
   111: 80025b78    14 OBJECT  LOCAL  DEFAULT    2 __PRETTY_FUNCTION__.2012
   112: 80005614   304 FUNC    LOCAL  DEFAULT    1 emufs_getroot
   113: 80005744    40 FUNC    LOCAL  DEFAULT    1 emufs_unmount
   114: 80025bb4    15 OBJECT  LOCAL  DEFAULT    2 __PRETTY_FUNCTION__.2037
   115: 8000576c   536 FUNC    LOCAL  DEFAULT    1 emufs_addtovfs
   116: 00000000     0 FILE    LOCAL  DEFAULT  ABS ../../dev/generic/random.
   117: 8002af70     4 OBJECT  LOCAL  DEFAULT    5 the_random
   118: 80005af0    80 FUNC    LOCAL  DEFAULT    1 randopen
   119: 80005b40    40 FUNC    LOCAL  DEFAULT    1 randclose
   120: 80005b68   160 FUNC    LOCAL  DEFAULT    1 randio
   121: 80005c08    48 FUNC    LOCAL  DEFAULT    1 randioctl
   122: 80025bf0    14 OBJECT  LOCAL  DEFAULT    2 __PRETTY_FUNCTION__.1211
   123: 00000000     0 FILE    LOCAL  DEFAULT  ABS ../../dev/lamebus/lhd.c
   124: 80005e90   224 FUNC    LOCAL  DEFAULT    1 lhd_code_to_errno
   125: 80005f70    92 FUNC    LOCAL  DEFAULT    1 lhd_iodone
   126: 800060a0   100 FUNC    LOCAL  DEFAULT    1 lhd_rdreg
   127: 80006104   108 FUNC    LOCAL  DEFAULT    1 lhd_wreg
   128: 80006170    44 FUNC    LOCAL  DEFAULT    1 lhd_open
   129: 8000619c    40 FUNC    LOCAL  DEFAULT    1 lhd_close
   130: 800061c4    48 FUNC    LOCAL  DEFAULT    1 lhd_ioctl
   131: 800061f4   912 FUNC    LOCAL  DEFAULT    1 lhd_io
   132: 00000000     0 FILE    LOCAL  DEFAULT  ABS ../../dev/lamebus/ltrace.
   133: 8002af80     4 OBJECT  LOCAL  DEFAULT    5 the_trace
   134: 00000000     0 FILE    LOCAL  DEFAULT  ABS ../../dev/lamebus/beep_lt
   135: 00000000     0 FILE    LOCAL  DEFAULT  ABS ../../dev/lamebus/lrandom
   136: 00000000     0 FILE    LOCAL  DEFAULT  ABS ../../dev/lamebus/ltimer_
   137: 00000000     0 FILE    LOCAL  DEFAULT  ABS ../../dev/lamebus/random_
   138: 00000000     0 FILE    LOCAL  DEFAULT  ABS ../../dev/lamebus/ltrace_
   139: 00000000     0 FILE    LOCAL  DEFAULT  ABS ../../dev/lamebus/emu_att
   140: 00000000     0 FILE    LOCAL  DEFAULT  ABS ../../dev/lamebus/rtclock
   141: 00000000     0 FILE    LOCAL  DEFAULT  ABS ../../dev/generic/pseudor
   142: 00000000     0 FILE    LOCAL  DEFAULT  ABS ../../dev/lamebus/lhd_att
   143: 00000000     0 FILE    LOCAL  DEFAULT  ABS ../../dev/lamebus/con_lse
   144: 00000000     0 FILE    LOCAL  DEFAULT  ABS ../../dev/lamebus/lser_at
   145: 00000000     0 FILE    LOCAL  DEFAULT  ABS ../../fs/sfs/sfs_fs.c
   146: 80007320   340 FUNC    LOCAL  DEFAULT    1 sfs_mapio
   147: 80007474   460 FUNC    LOCAL  DEFAULT    1 sfs_sync
   148: 80007640    68 FUNC    LOCAL  DEFAULT    1 sfs_getvolname
   149: 80025cc8    12 OBJECT  LOCAL  DEFAULT    2 __PRETTY_FUNCTION__.1358
   150: 80007684   336 FUNC    LOCAL  DEFAULT    1 sfs_unmount
   151: 80025d48    12 OBJECT  LOCAL  DEFAULT    2 __PRETTY_FUNCTION__.1381
   152: 800077d4   952 FUNC    LOCAL  DEFAULT    1 sfs_domount
   153: 00000000     0 FILE    LOCAL  DEFAULT  ABS ../../fs/sfs/sfs_vnode.c
   154: 8002af90   512 OBJECT  LOCAL  DEFAULT    5 zeros.1259
   155: 80007bd0    72 FUNC    LOCAL  DEFAULT    1 sfs_clearblock
   156: 80007c18   200 FUNC    LOCAL  DEFAULT    1 sfs_sync_inode
   157: 80007ce0   240 FUNC    LOCAL  DEFAULT    1 sfs_balloc
   158: 80007dd0    92 FUNC    LOCAL  DEFAULT    1 sfs_bfree
   159: 80007e2c   132 FUNC    LOCAL  DEFAULT    1 sfs_bused
   160: 80025e20     9 OBJECT  LOCAL  DEFAULT    2 __PRETTY_FUNCTION__.1327
   161: 8002b190   512 OBJECT  LOCAL  DEFAULT    5 idbuf.1320
   162: 80007eb0  1056 FUNC    LOCAL  DEFAULT    1 sfs_bmap
   163: 80025e64    14 OBJECT  LOCAL  DEFAULT    2 __PRETTY_FUNCTION__.1413
   164: 8002b390   512 OBJECT  LOCAL  DEFAULT    5 iobuf.1407
   165: 800082d0   684 FUNC    LOCAL  DEFAULT    1 sfs_partialio
   166: 80025ef4    12 OBJECT  LOCAL  DEFAULT    2 __PRETTY_FUNCTION__.1463
   167: 8000857c   660 FUNC    LOCAL  DEFAULT    1 sfs_blockio
   168: 80025f20     7 OBJECT  LOCAL  DEFAULT    2 __PRETTY_FUNCTION__.1508
   169: 80008810  1112 FUNC    LOCAL  DEFAULT    1 sfs_io
   170: 80008c68   216 FUNC    LOCAL  DEFAULT    1 sfs_readdir
   171: 80025fb4    13 OBJECT  LOCAL  DEFAULT    2 __PRETTY_FUNCTION__.1603
   172: 80008d40   284 FUNC    LOCAL  DEFAULT    1 sfs_writedir
   173: 80025ff4    17 OBJECT  LOCAL  DEFAULT    2 __PRETTY_FUNCTION__.1621
   174: 80008e5c   204 FUNC    LOCAL  DEFAULT    1 sfs_dir_nentries
   175: 80026050    17 OBJECT  LOCAL  DEFAULT    2 __PRETTY_FUNCTION__.1647
   176: 80008f28   472 FUNC    LOCAL  DEFAULT    1 sfs_dir_findname
   177: 80009100   384 FUNC    LOCAL  DEFAULT    1 sfs_dir_link
   178: 80009280    96 FUNC    LOCAL  DEFAULT    1 sfs_dir_unlink
   179: 800092e0   316 FUNC    LOCAL  DEFAULT    1 sfs_lookonce
   180: 8000aba4  1080 FUNC    LOCAL  DEFAULT    1 sfs_loadvnode
   181: 8000941c   148 FUNC    LOCAL  DEFAULT    1 sfs_makeobj
   182: 800094b0    84 FUNC    LOCAL  DEFAULT    1 sfs_open
   183: 80009504   136 FUNC    LOCAL  DEFAULT    1 sfs_opendir
   184: 8000958c    96 FUNC    LOCAL  DEFAULT    1 sfs_close
   185: 800260ac    12 OBJECT  LOCAL  DEFAULT    2 __PRETTY_FUNCTION__.1798
   186: 800095ec   852 FUNC    LOCAL  DEFAULT    1 sfs_reclaim
   187: 80026104     9 OBJECT  LOCAL  DEFAULT    2 __PRETTY_FUNCTION__.1852
   188: 80009940   156 FUNC    LOCAL  DEFAULT    1 sfs_read
   189: 80026128    10 OBJECT  LOCAL  DEFAULT    2 __PRETTY_FUNCTION__.1865
   190: 800099dc   156 FUNC    LOCAL  DEFAULT    1 sfs_write
   191: 80009a78    48 FUNC    LOCAL  DEFAULT    1 sfs_ioctl
   192: 80009aa8   248 FUNC    LOCAL  DEFAULT    1 sfs_stat
   193: 80009ba0   248 FUNC    LOCAL  DEFAULT    1 sfs_gettype
   194: 80009c98    80 FUNC    LOCAL  DEFAULT    1 sfs_tryseek
   195: 80009ce8    76 FUNC    LOCAL  DEFAULT    1 sfs_fsync
   196: 80009d34    40 FUNC    LOCAL  DEFAULT    1 sfs_mmap
   197: 8002618c    13 OBJECT  LOCAL  DEFAULT    2 __PRETTY_FUNCTION__.1951
   198: 8002b590   512 OBJECT  LOCAL  DEFAULT    5 idbuf.1938
   199: 80009d5c   896 FUNC    LOCAL  DEFAULT    1 sfs_truncate
   200: 8002619c    13 OBJECT  LOCAL  DEFAULT    2 __PRETTY_FUNCTION__.2006
   201: 8000a0dc   144 FUNC    LOCAL  DEFAULT    1 sfs_namefile
   202: 8000a16c   596 FUNC    LOCAL  DEFAULT    1 sfs_creat
   203: 800261cc     9 OBJECT  LOCAL  DEFAULT    2 __PRETTY_FUNCTION__.2070
   204: 8000a3c0   308 FUNC    LOCAL  DEFAULT    1 sfs_link
   205: 800261f4    11 OBJECT  LOCAL  DEFAULT    2 __PRETTY_FUNCTION__.2093
   206: 8000a4f4   328 FUNC    LOCAL  DEFAULT    1 sfs_remove
   207: 80026220    11 OBJECT  LOCAL  DEFAULT    2 __PRETTY_FUNCTION__.2126
   208: 8000a63c   836 FUNC    LOCAL  DEFAULT    1 sfs_rename
   209: 8000a980   228 FUNC    LOCAL  DEFAULT    1 sfs_lookparent
   210: 8000aa64   212 FUNC    LOCAL  DEFAULT    1 sfs_lookup
   211: 8000ab38    36 FUNC    LOCAL  DEFAULT    1 sfs_notdir
   212: 8000ab5c    36 FUNC    LOCAL  DEFAULT    1 sfs_isdir
   213: 8000ab80    36 FUNC    LOCAL  DEFAULT    1 sfs_unimp
   214: 800262cc   100 OBJECT  LOCAL  DEFAULT    2 sfs_fileops
   215: 80026330   100 OBJECT  LOCAL  DEFAULT    2 sfs_dirops
   216: 80026394    14 OBJECT  LOCAL  DEFAULT    2 __PRETTY_FUNCTION__.2243
   217: 00000000     0 FILE    LOCAL  DEFAULT  ABS ../../fs/sfs/sfs_io.c
   218: 00000000     0 FILE    LOCAL  DEFAULT  ABS ../../vm/addrspace.c
   219: 8000b664    88 FUNC    LOCAL  DEFAULT    1 getppages
   220: 00000000     0 FILE    LOCAL  DEFAULT  ABS ../../arch/mips/mips/cach
   221: 00000000     0 FILE    LOCAL  DEFAULT  ABS ../../arch/mips/mips/exce
   222: 8000b7d8   360 FUNC    LOCAL  DEFAULT    1 common_exception
   223: 8000b8a4     0 NOTYPE  LOCAL  DEFAULT    1 exception_return
   224: 00000000     0 FILE    LOCAL  DEFAULT  ABS ../../arch/mips/mips/lame
   225: 80026550    22 OBJECT  LOCAL  DEFAULT    2 __PRETTY_FUNCTION__.1204
   226: 8002b790     4 OBJECT  LOCAL  DEFAULT    5 lamebus
   227: 800265dc    17 OBJECT  LOCAL  DEFAULT    2 __PRETTY_FUNCTION__.1216
   228: 00000000     0 FILE    LOCAL  DEFAULT  ABS ../../arch/mips/mips/inte
   229: 80026640    15 OBJECT  LOCAL  DEFAULT    2 __PRETTY_FUNCTION__.1054
   230: 00000000     0 FILE    LOCAL  DEFAULT  ABS ../../arch/mips/mips/pcb.
   231: 00000000     0 FILE    LOCAL  DEFAULT  ABS ../../arch/mips/mips/ram.
   232: 8002b7a4     4 OBJECT  LOCAL  DEFAULT    5 lastpaddr
   233: 8002b7a0     4 OBJECT  LOCAL  DEFAULT    5 firstpaddr
   234: 00000000     0 FILE    LOCAL  DEFAULT  ABS ../../arch/mips/mips/spl.
   235: 8000c228    72 FUNC    LOCAL  DEFAULT    1 interrupts_off
   236: 8000c270    72 FUNC    LOCAL  DEFAULT    1 interrupts_on
   237: 80026730     9 OBJECT  LOCAL  DEFAULT    2 __PRETTY_FUNCTION__.997
   238: 8000c398   100 FUNC    LOCAL  DEFAULT    1 interrupts_onoff
   239: 00000000     0 FILE    LOCAL  DEFAULT  ABS ../../arch/mips/mips/star
   240: 80026790     0 NOTYPE  LOCAL  DEFAULT    2 panicstr
   241: 00000000     0 FILE    LOCAL  DEFAULT  ABS ../../arch/mips/mips/swit
   242: 00000000     0 FILE    LOCAL  DEFAULT  ABS ../../arch/mips/mips/sysc
   243: 800267a0    13 OBJECT  LOCAL  DEFAULT    2 __PRETTY_FUNCTION__.1170
   244: 00000000     0 FILE    LOCAL  DEFAULT  ABS ../../arch/mips/mips/thre
   245: 00000000     0 FILE    LOCAL  DEFAULT  ABS ../../arch/mips/mips/trap
   246: 8002694c    52 OBJECT  LOCAL  DEFAULT    2 trapcodenames
   247: 80026980    15 OBJECT  LOCAL  DEFAULT    2 __PRETTY_FUNCTION__.1114
   248: 8000c9b0   192 FUNC    LOCAL  DEFAULT    1 kill_curthread
   249: 80026a18    10 OBJECT  LOCAL  DEFAULT    2 __PRETTY_FUNCTION__.1127
   250: 80026bac    14 OBJECT  LOCAL  DEFAULT    2 __PRETTY_FUNCTION__.1227
   251: 00000000     0 FILE    LOCAL  DEFAULT  ABS ../../arch/mips/mips/tlb_
   252: 00000000     0 FILE    LOCAL  DEFAULT  ABS ../../../lib/libc/mips-se
   253: 00000000     0 FILE    LOCAL  DEFAULT  ABS ../../lib/copyinout.c
   254: 8000d230    48 FUNC    LOCAL  DEFAULT    1 copyfail
   255: 8000d260   220 FUNC    LOCAL  DEFAULT    1 copycheck
   256: 8000d58c   304 FUNC    LOCAL  DEFAULT    1 copystr
   257: 00000000     0 FILE    LOCAL  DEFAULT  ABS ../../lib/array.c
   258: 80026bc0    13 OBJECT  LOCAL  DEFAULT    2 __PRETTY_FUNCTION__.989
   259: 80026c3c    18 OBJECT  LOCAL  DEFAULT    2 __PRETTY_FUNCTION__.1012
   260: 80026c70    14 OBJECT  LOCAL  DEFAULT    2 __PRETTY_FUNCTION__.1053
   261: 80026c8c    13 OBJECT  LOCAL  DEFAULT    2 __PRETTY_FUNCTION__.1083
   262: 80026c9c    13 OBJECT  LOCAL  DEFAULT    2 __PRETTY_FUNCTION__.1119
   263: 00000000     0 FILE    LOCAL  DEFAULT  ABS ../../lib/bitmap.c
   264: 80026cb0    14 OBJECT  LOCAL  DEFAULT    2 __PRETTY_FUNCTION__.971
   265: 80026d4c    13 OBJECT  LOCAL  DEFAULT    2 __PRETTY_FUNCTION__.1024
   266: 80026d74    12 OBJECT  LOCAL  DEFAULT    2 __PRETTY_FUNCTION__.1080
   267: 8000e868   112 FUNC    LOCAL  DEFAULT    1 bitmap_translate
   268: 80026dac    14 OBJECT  LOCAL  DEFAULT    2 __PRETTY_FUNCTION__.1110
   269: 00000000     0 FILE    LOCAL  DEFAULT  ABS ../../lib/queue.c
   270: 80026de0     7 OBJECT  LOCAL  DEFAULT    2 __PRETTY_FUNCTION__.982
   271: 8000eb20   624 FUNC    LOCAL  DEFAULT    1 q_grow
   272: 80026e3c    14 OBJECT  LOCAL  DEFAULT    2 __PRETTY_FUNCTION__.1030
   273: 80026e58    10 OBJECT  LOCAL  DEFAULT    2 __PRETTY_FUNCTION__.1053
   274: 80026e64    10 OBJECT  LOCAL  DEFAULT    2 __PRETTY_FUNCTION__.1083
   275: 80026e7c    10 OBJECT  LOCAL  DEFAULT    2 __PRETTY_FUNCTION__.1105
   276: 80026e94     9 OBJECT  LOCAL  DEFAULT    2 __PRETTY_FUNCTION__.1129
   277: 00000000     0 FILE    LOCAL  DEFAULT  ABS ../../lib/kheap.c
   278: 8000f420   152 FUNC    LOCAL  DEFAULT    1 fill_deadbeef
   279: 80026ec0    32 OBJECT  LOCAL  DEFAULT    2 sizes
   280: 80026ee0    13 OBJECT  LOCAL  DEFAULT    2 __PRETTY_FUNCTION__.1004
   281: 8000f4b8   408 FUNC    LOCAL  DEFAULT    1 allocpageref
   282: 8002c7b0    32 OBJECT  LOCAL  DEFAULT    5 pagerefs_inuse
   283: 8002b7b0  4096 OBJECT  LOCAL  DEFAULT    5 pagerefs
   284: 80026f30    12 OBJECT  LOCAL  DEFAULT    2 __PRETTY_FUNCTION__.1032
   285: 8000f650   332 FUNC    LOCAL  DEFAULT    1 freepageref
   286: 80026f6c    12 OBJECT  LOCAL  DEFAULT    2 __PRETTY_FUNCTION__.1064
   287: 8000f79c  1040 FUNC    LOCAL  DEFAULT    1 dumpsubpage
   288: 8002c7f0     4 OBJECT  LOCAL  DEFAULT    5 allbase
   289: 8002700c    13 OBJECT  LOCAL  DEFAULT    2 __PRETTY_FUNCTION__.1141
   290: 8000fc44   404 FUNC    LOCAL  DEFAULT    1 remove_lists
   291: 8002c7d0    32 OBJECT  LOCAL  DEFAULT    5 sizebases
   292: 8002703c    16 OBJECT  LOCAL  DEFAULT    2 __PRETTY_FUNCTION__.1190
   293: 8000fdd8  1720 FUNC    LOCAL  DEFAULT    1 subpage_kmalloc
   294: 80010490   184 FUNC    LOCAL  DEFAULT    1 blocktype
   295: 800271a4    14 OBJECT  LOCAL  DEFAULT    2 __PRETTY_FUNCTION__.1312
   296: 80010548   956 FUNC    LOCAL  DEFAULT    1 subpage_kfree
   297: 80027204     6 OBJECT  LOCAL  DEFAULT    2 __PRETTY_FUNCTION__.1383
   298: 00000000     0 FILE    LOCAL  DEFAULT  ABS ../../lib/kprintf.c
   299: 80010a60   140 FUNC    LOCAL  DEFAULT    1 console_send
   300: 80027230    18 OBJECT  LOCAL  DEFAULT    2 __PRETTY_FUNCTION__.1201
   301: 8002c808     4 OBJECT  LOCAL  DEFAULT    5 kprintf_lock
   302: 8002c804     4 OBJECT  LOCAL  DEFAULT    5 evil.1243
   303: 00000000     0 FILE    LOCAL  DEFAULT  ABS ../../lib/kgets.c
   304: 80010dd0    76 FUNC    LOCAL  DEFAULT    1 backsp
   305: 00000000     0 FILE    LOCAL  DEFAULT  ABS ../../lib/misc.c
   306: 00000000     0 FILE    LOCAL  DEFAULT  ABS ../../lib/ntoh.c
   307: 00000000     0 FILE    LOCAL  DEFAULT  ABS ../../../lib/libc/__print
   308: 80011370   148 FUNC    LOCAL  DEFAULT    1 __pf_print
   309: 80011404   156 FUNC    LOCAL  DEFAULT    1 __pf_endfield
   310: 800275a0    14 OBJECT  LOCAL  DEFAULT    2 __PRETTY_FUNCTION__.1007
   311: 800114a0   536 FUNC    LOCAL  DEFAULT    1 __pf_modifier
   312: 800116b8   556 FUNC    LOCAL  DEFAULT    1 __pf_getnum
   313: 800118e4   220 FUNC    LOCAL  DEFAULT    1 __pf_setbase
   314: 800119c0   152 FUNC    LOCAL  DEFAULT    1 __pf_fill
   315: 80011a58   504 FUNC    LOCAL  DEFAULT    1 __pf_printstuff
   316: 80011c50   528 FUNC    LOCAL  DEFAULT    1 __pf_printnum
   317: 80027684    10 OBJECT  LOCAL  DEFAULT    2 __PRETTY_FUNCTION__.1183
   318: 80011e60   680 FUNC    LOCAL  DEFAULT    1 __pf_send
   319: 00000000     0 FILE    LOCAL  DEFAULT  ABS ../../../lib/libc/snprint
   320: 80012200   240 FUNC    LOCAL  DEFAULT    1 __snprintf_send
   321: 00000000     0 FILE    LOCAL  DEFAULT  ABS ../../../lib/libc/atoi.c
   322: 800276c0    11 OBJECT  LOCAL  DEFAULT    2 digits.945
   323: 00000000     0 FILE    LOCAL  DEFAULT  ABS ../../../lib/libc/bzero.c
   324: 00000000     0 FILE    LOCAL  DEFAULT  ABS ../../../lib/libc/memcpy.
   325: 00000000     0 FILE    LOCAL  DEFAULT  ABS ../../../lib/libc/memmove
   326: 00000000     0 FILE    LOCAL  DEFAULT  ABS ../../../lib/libc/strcat.
   327: 00000000     0 FILE    LOCAL  DEFAULT  ABS ../../../lib/libc/strchr.
   328: 00000000     0 FILE    LOCAL  DEFAULT  ABS ../../../lib/libc/strcmp.
   329: 00000000     0 FILE    LOCAL  DEFAULT  ABS ../../../lib/libc/strcpy.
   330: 00000000     0 FILE    LOCAL  DEFAULT  ABS ../../../lib/libc/strlen.
   331: 00000000     0 FILE    LOCAL  DEFAULT  ABS ../../../lib/libc/strrchr
   332: 00000000     0 FILE    LOCAL  DEFAULT  ABS ../../../lib/libc/strtok_
   333: 00000000     0 FILE    LOCAL  DEFAULT  ABS ../../dev/init.c
   334: 800276d0    14 OBJECT  LOCAL  DEFAULT    2 __PRETTY_FUNCTION__.1068
   335: 00000000     0 FILE    LOCAL  DEFAULT  ABS ../../fs/vfs/device.c
   336: 80013180   140 FUNC    LOCAL  DEFAULT    1 dev_open
   337: 8001320c    88 FUNC    LOCAL  DEFAULT    1 dev_close
   338: 80013264    40 FUNC    LOCAL  DEFAULT    1 dev_reclaim
   339: 80027750     9 OBJECT  LOCAL  DEFAULT    2 __PRETTY_FUNCTION__.1185
   340: 8001328c   168 FUNC    LOCAL  DEFAULT    1 dev_read
   341: 80013334    44 FUNC    LOCAL  DEFAULT    1 null_io
   342: 800277b4    10 OBJECT  LOCAL  DEFAULT    2 __PRETTY_FUNCTION__.1205
   343: 80013360   168 FUNC    LOCAL  DEFAULT    1 dev_write
   344: 80013408   104 FUNC    LOCAL  DEFAULT    1 dev_ioctl
   345: 80013470   324 FUNC    LOCAL  DEFAULT    1 dev_stat
   346: 800135b4   120 FUNC    LOCAL  DEFAULT    1 dev_gettype
   347: 8001362c   284 FUNC    LOCAL  DEFAULT    1 dev_tryseek
   348: 80013748    40 FUNC    LOCAL  DEFAULT    1 null_fsync
   349: 80013770    40 FUNC    LOCAL  DEFAULT    1 dev_mmap
   350: 80013798   164 FUNC    LOCAL  DEFAULT    1 dev_truncate
   351: 8001383c    44 FUNC    LOCAL  DEFAULT    1 dev_namefile
   352: 80013868    52 FUNC    LOCAL  DEFAULT    1 null_creat
   353: 8001389c    48 FUNC    LOCAL  DEFAULT    1 null_symlink
   354: 800138cc    44 FUNC    LOCAL  DEFAULT    1 null_nameop
   355: 800138f8    48 FUNC    LOCAL  DEFAULT    1 null_link
   356: 80013928    52 FUNC    LOCAL  DEFAULT    1 null_rename
   357: 8001395c   124 FUNC    LOCAL  DEFAULT    1 dev_lookup
   358: 800139d8    52 FUNC    LOCAL  DEFAULT    1 dev_lookparent
   359: 800277e4   100 OBJECT  LOCAL  DEFAULT    2 dev_vnode_ops
   360: 00000000     0 FILE    LOCAL  DEFAULT  ABS ../../fs/vfs/vfscwd.c
   361: 80027888    11 OBJECT  LOCAL  DEFAULT    2 __PRETTY_FUNCTION__.1331
   362: 00000000     0 FILE    LOCAL  DEFAULT  ABS ../../fs/vfs/vfslist.c
   363: 8002c810     4 OBJECT  LOCAL  DEFAULT    5 knowndevs
   364: 8002c814     4 OBJECT  LOCAL  DEFAULT    5 knowndevs_lock
   365: 8002797c    12 OBJECT  LOCAL  DEFAULT    2 __PRETTY_FUNCTION__.1278
   366: 80027a08    15 OBJECT  LOCAL  DEFAULT    2 __PRETTY_FUNCTION__.1349
   367: 8001474c   156 FUNC    LOCAL  DEFAULT    1 mkrawname
   368: 80027a28     9 OBJECT  LOCAL  DEFAULT    2 __PRETTY_FUNCTION__.1414
   369: 800147e8   488 FUNC    LOCAL  DEFAULT    1 badnames
   370: 800149d0   152 FUNC    LOCAL  DEFAULT    1 samestring3
   371: 80014a68   120 FUNC    LOCAL  DEFAULT    1 samestring
   372: 80014ae0   616 FUNC    LOCAL  DEFAULT    1 vfs_doadd
   373: 80027a54    10 OBJECT  LOCAL  DEFAULT    2 __PRETTY_FUNCTION__.1513
   374: 80014ddc   384 FUNC    LOCAL  DEFAULT    1 findmount
   375: 80027a60    10 OBJECT  LOCAL  DEFAULT    2 __PRETTY_FUNCTION__.1552
   376: 80027ab4    12 OBJECT  LOCAL  DEFAULT    2 __PRETTY_FUNCTION__.1599
   377: 00000000     0 FILE    LOCAL  DEFAULT  ABS ../../fs/vfs/vfslookup.c
   378: 8002c820     4 OBJECT  LOCAL  DEFAULT    5 bootfs_vnode
   379: 8002c824     4 OBJECT  LOCAL  DEFAULT    5 bootfs_lock
   380: 80015778   152 FUNC    LOCAL  DEFAULT    1 change_bootfs
   381: 80027c08    10 OBJECT  LOCAL  DEFAULT    2 __PRETTY_FUNCTION__.1236
   382: 80015980  1164 FUNC    LOCAL  DEFAULT    1 getdevice
   383: 00000000     0 FILE    LOCAL  DEFAULT  ABS ../../fs/vfs/vfspath.c
   384: 80027cb0     9 OBJECT  LOCAL  DEFAULT    2 __PRETTY_FUNCTION__.1145
   385: 00000000     0 FILE    LOCAL  DEFAULT  ABS ../../fs/vfs/vnode.c
   386: 80027d60    11 OBJECT  LOCAL  DEFAULT    2 __PRETTY_FUNCTION__.1098
   387: 80027dd4    11 OBJECT  LOCAL  DEFAULT    2 __PRETTY_FUNCTION__.1112
   388: 80027e20    13 OBJECT  LOCAL  DEFAULT    2 __PRETTY_FUNCTION__.1126
   389: 80027e30    13 OBJECT  LOCAL  DEFAULT    2 __PRETTY_FUNCTION__.1138
   390: 80027e7c    14 OBJECT  LOCAL  DEFAULT    2 __PRETTY_FUNCTION__.1165
   391: 80027e8c    14 OBJECT  LOCAL  DEFAULT    2 __PRETTY_FUNCTION__.1177
   392: 00000000     0 FILE    LOCAL  DEFAULT  ABS ../../fs/vfs/devnull.c
   393: 80017720    44 FUNC    LOCAL  DEFAULT    1 nullopen
   394: 8001774c    40 FUNC    LOCAL  DEFAULT    1 nullclose
   395: 80017774    80 FUNC    LOCAL  DEFAULT    1 nullio
   396: 800177c4    48 FUNC    LOCAL  DEFAULT    1 nullioctl
   397: 00000000     0 FILE    LOCAL  DEFAULT  ABS ../../thread/hardclock.c
   398: 8002c830     4 OBJECT  LOCAL  DEFAULT    5 lbolt_counter
   399: 00000000     0 FILE    LOCAL  DEFAULT  ABS ../../thread/synch.c
   400: 80028120    11 OBJECT  LOCAL  DEFAULT    2 __PRETTY_FUNCTION__.1119
   401: 80028180    12 OBJECT  LOCAL  DEFAULT    2 __PRETTY_FUNCTION__.1135
   402: 800281b4     2 OBJECT  LOCAL  DEFAULT    2 __PRETTY_FUNCTION__.1147
   403: 800281d8     2 OBJECT  LOCAL  DEFAULT    2 __PRETTY_FUNCTION__.1167
   404: 800281dc    13 OBJECT  LOCAL  DEFAULT    2 __PRETTY_FUNCTION__.1193
   405: 80028218    13 OBJECT  LOCAL  DEFAULT    2 __PRETTY_FUNCTION__.1205
   406: 80028238    13 OBJECT  LOCAL  DEFAULT    2 __PRETTY_FUNCTION__.1225
   407: 80028248    11 OBJECT  LOCAL  DEFAULT    2 __PRETTY_FUNCTION__.1255
   408: 8002827c     8 OBJECT  LOCAL  DEFAULT    2 __PRETTY_FUNCTION__.1269
   409: 00000000     0 FILE    LOCAL  DEFAULT  ABS ../../thread/scheduler.c
   410: 8002c840     4 OBJECT  LOCAL  DEFAULT    5 runqueue
   411: 800282d8    22 OBJECT  LOCAL  DEFAULT    2 __PRETTY_FUNCTION__.1095
   412: 80028340    18 OBJECT  LOCAL  DEFAULT    2 __PRETTY_FUNCTION__.1106
   413: 80028374    19 OBJECT  LOCAL  DEFAULT    2 __PRETTY_FUNCTION__.1122
   414: 80028388    10 OBJECT  LOCAL  DEFAULT    2 __PRETTY_FUNCTION__.1130
   415: 80028394    14 OBJECT  LOCAL  DEFAULT    2 __PRETTY_FUNCTION__.1146
   416: 00000000     0 FILE    LOCAL  DEFAULT  ABS ../../thread/thread.c
   417: 80018ba0   240 FUNC    LOCAL  DEFAULT    1 thread_create
   418: 800283c0    15 OBJECT  LOCAL  DEFAULT    2 __PRETTY_FUNCTION__.1332
   419: 80018c90   352 FUNC    LOCAL  DEFAULT    1 thread_destroy
   420: 80028450     9 OBJECT  LOCAL  DEFAULT    2 __PRETTY_FUNCTION__.1352
   421: 80018df0   396 FUNC    LOCAL  DEFAULT    1 exorcise
   422: 8002c854     4 OBJECT  LOCAL  DEFAULT    5 zombies
   423: 80028484    15 OBJECT  LOCAL  DEFAULT    2 __PRETTY_FUNCTION__.1376
   424: 80018f7c   344 FUNC    LOCAL  DEFAULT    1 thread_killall
   425: 8002c850     4 OBJECT  LOCAL  DEFAULT    5 sleepers
   426: 800284b0    13 OBJECT  LOCAL  DEFAULT    2 __PRETTY_FUNCTION__.1396
   427: 8002c858     4 OBJECT  LOCAL  DEFAULT    5 numthreads
   428: 8002853c    10 OBJECT  LOCAL  DEFAULT    2 __PRETTY_FUNCTION__.1631
   429: 80019da4   928 FUNC    LOCAL  DEFAULT    1 mi_switch
   430: 800285ec    12 OBJECT  LOCAL  DEFAULT    2 __PRETTY_FUNCTION__.1695
   431: 8002862c    13 OBJECT  LOCAL  DEFAULT    2 __PRETTY_FUNCTION__.1746
   432: 80028650    13 OBJECT  LOCAL  DEFAULT    2 __PRETTY_FUNCTION__.1754
   433: 80028670    14 OBJECT  LOCAL  DEFAULT    2 __PRETTY_FUNCTION__.1765
   434: 80028680    19 OBJECT  LOCAL  DEFAULT    2 __PRETTY_FUNCTION__.1790
   435: 00000000     0 FILE    LOCAL  DEFAULT  ABS ../../thread/process.c
   436: 00000000     0 FILE    LOCAL  DEFAULT  ABS ../../main/main.c
   437: 80028700   105 OBJECT  LOCAL  DEFAULT    2 harvard_copyright
   438: 8002876c     5 OBJECT  LOCAL  DEFAULT    2 __PRETTY_FUNCTION__.1409
   439: 8001ae50   260 FUNC    LOCAL  DEFAULT    1 boot
   440: 8001af54   112 FUNC    LOCAL  DEFAULT    1 shutdown
   441: 00000000     0 FILE    LOCAL  DEFAULT  ABS ../../main/menu.c
   442: 80028840    15 OBJECT  LOCAL  DEFAULT    2 __PRETTY_FUNCTION__.1471
   443: 8001b1c4   348 FUNC    LOCAL  DEFAULT    1 cmd_progthread
   444: 8001b320   208 FUNC    LOCAL  DEFAULT    1 common_prog
   445: 8001b3f0   156 FUNC    LOCAL  DEFAULT    1 cmd_prog
   446: 8001b48c   136 FUNC    LOCAL  DEFAULT    1 cmd_shell
   447: 8001b514   136 FUNC    LOCAL  DEFAULT    1 cmd_chdir
   448: 8001b59c   232 FUNC    LOCAL  DEFAULT    1 cmd_pwd
   449: 8001b684    60 FUNC    LOCAL  DEFAULT    1 cmd_sync
   450: 8001b6c0    68 FUNC    LOCAL  DEFAULT    1 cmd_panic
   451: 8001b704    80 FUNC    LOCAL  DEFAULT    1 cmd_quit
   452: 80028978    16 OBJECT  LOCAL  DEFAULT    2 mounttable
   453: 8001b754   424 FUNC    LOCAL  DEFAULT    1 cmd_mount
   454: 8001b8fc   224 FUNC    LOCAL  DEFAULT    1 cmd_unmount
   455: 8001b9dc   224 FUNC    LOCAL  DEFAULT    1 cmd_bootfs
   456: 8001babc    60 FUNC    LOCAL  DEFAULT    1 cmd_kheapstats
   457: 8001baf8   444 FUNC    LOCAL  DEFAULT    1 showmenu
   458: 8002a940    48 OBJECT  LOCAL  DEFAULT    4 opsmenu
   459: 8001bcb4    76 FUNC    LOCAL  DEFAULT    1 cmd_opsmenu
   460: 8002a970    68 OBJECT  LOCAL  DEFAULT    4 testmenu
   461: 8001bd00   124 FUNC    LOCAL  DEFAULT    1 cmd_testmenu
   462: 8002a9b4    20 OBJECT  LOCAL  DEFAULT    4 mainmenu
   463: 8001bd7c    76 FUNC    LOCAL  DEFAULT    1 cmd_mainmenu
   464: 8002a9c8   288 OBJECT  LOCAL  DEFAULT    4 cmdtable
   465: 80029060    13 OBJECT  LOCAL  DEFAULT    2 __PRETTY_FUNCTION__.1734
   466: 8001bdc8   740 FUNC    LOCAL  DEFAULT    1 cmd_dispatch
   467: 8001c0ac   268 FUNC    LOCAL  DEFAULT    1 menu_execute
   468: 00000000     0 FILE    LOCAL  DEFAULT  ABS ../../userprog/loadelf.c
   469: 8001c220   568 FUNC    LOCAL  DEFAULT    1 load_segment
   470: 00000000     0 FILE    LOCAL  DEFAULT  ABS ../../userprog/runprogram
   471: 800292b0    11 OBJECT  LOCAL  DEFAULT    2 __PRETTY_FUNCTION__.1236
   472: 00000000     0 FILE    LOCAL  DEFAULT  ABS ../../userprog/uio.c
   473: 80029340     8 OBJECT  LOCAL  DEFAULT    2 __PRETTY_FUNCTION__.1076
   474: 80029420    13 OBJECT  LOCAL  DEFAULT    2 __PRETTY_FUNCTION__.1156
   475: 8002c860    16 OBJECT  LOCAL  DEFAULT    5 zeros.1153
   476: 00000000     0 FILE    LOCAL  DEFAULT  ABS ../../userprog/sys_write.
   477: 00000000     0 FILE    LOCAL  DEFAULT  ABS ../../userprog/sys__exit.
   478: 00000000     0 FILE    LOCAL  DEFAULT  ABS ../../userprog/sys_fork.c
   479: 00000000     0 FILE    LOCAL  DEFAULT  ABS ../../userprog/sys_getpid
   480: 00000000     0 FILE    LOCAL  DEFAULT  ABS ../../userprog/sys_waitpi
   481: 00000000     0 FILE    LOCAL  DEFAULT  ABS ../../userprog/sys_read.c
   482: 00000000     0 FILE    LOCAL  DEFAULT  ABS ../../userprog/sys_execv.
   483: 800294c0     6 OBJECT  LOCAL  DEFAULT    2 __PRETTY_FUNCTION__.1253
   484: 00000000     0 FILE    LOCAL  DEFAULT  ABS ../../test/arraytest.c
   485: 80029550     6 OBJECT  LOCAL  DEFAULT    2 __PRETTY_FUNCTION__.1049
   486: 8001e8f0  2436 FUNC    LOCAL  DEFAULT    1 testa
   487: 8002961c    10 OBJECT  LOCAL  DEFAULT    2 __PRETTY_FUNCTION__.1159
   488: 00000000     0 FILE    LOCAL  DEFAULT  ABS ../../test/bitmaptest.c
   489: 80029670    11 OBJECT  LOCAL  DEFAULT    2 __PRETTY_FUNCTION__.1041
   490: 00000000     0 FILE    LOCAL  DEFAULT  ABS ../../test/queuetest.c
   491: 80029770     6 OBJECT  LOCAL  DEFAULT    2 __PRETTY_FUNCTION__.1046
   492: 8001f960   744 FUNC    LOCAL  DEFAULT    1 testq
   493: 80029818    10 OBJECT  LOCAL  DEFAULT    2 __PRETTY_FUNCTION__.1085
   494: 00000000     0 FILE    LOCAL  DEFAULT  ABS ../../test/threadtest.c
   495: 8002c870     4 OBJECT  LOCAL  DEFAULT    5 tsem
   496: 8001fd00   128 FUNC    LOCAL  DEFAULT    1 init_sem
   497: 8001fd80   148 FUNC    LOCAL  DEFAULT    1 loudthread
   498: 8001fe14   164 FUNC    LOCAL  DEFAULT    1 quietthread
   499: 8001feb8   344 FUNC    LOCAL  DEFAULT    1 runthreads
   500: 00000000     0 FILE    LOCAL  DEFAULT  ABS ../../test/tt3.c
   501: 800200e0   152 FUNC    LOCAL  DEFAULT    1 setup
   502: 8002c890     4 OBJECT  LOCAL  DEFAULT    5 wakersem
   503: 8002c894     4 OBJECT  LOCAL  DEFAULT    5 donesem
   504: 8002c88c     4 OBJECT  LOCAL  DEFAULT    5 wakerdone
   505: 80020178   304 FUNC    LOCAL  DEFAULT    1 sleepalot_thread
   506: 8002c880    12 OBJECT  LOCAL  DEFAULT    5 waitaddrs
   507: 800202a8   332 FUNC    LOCAL  DEFAULT    1 waker_thread
   508: 800203f4   316 FUNC    LOCAL  DEFAULT    1 make_sleepalots
   509: 80029938    15 OBJECT  LOCAL  DEFAULT    2 __PRETTY_FUNCTION__.1244
   510: 80020530  1120 FUNC    LOCAL  DEFAULT    1 compute_thread
   511: 80020990   224 FUNC    LOCAL  DEFAULT    1 make_computes
   512: 80020a70   204 FUNC    LOCAL  DEFAULT    1 finish
   513: 80020b3c   148 FUNC    LOCAL  DEFAULT    1 runtest3
   514: 00000000     0 FILE    LOCAL  DEFAULT  ABS ../../test/synchtest.c
   515: 80020cd0   384 FUNC    LOCAL  DEFAULT    1 inititems
   516: 8002c8ac     4 OBJECT  LOCAL  DEFAULT    5 testsem
   517: 8002c8b0     4 OBJECT  LOCAL  DEFAULT    5 testlock
   518: 8002c8b4     4 OBJECT  LOCAL  DEFAULT    5 testcv
   519: 8002c8b8     4 OBJECT  LOCAL  DEFAULT    5 donesem
   520: 80020e50   248 FUNC    LOCAL  DEFAULT    1 cleanupitems
   521: 80020f48   212 FUNC    LOCAL  DEFAULT    1 semtestthread
   522: 800211f0   144 FUNC    LOCAL  DEFAULT    1 fail
   523: 80021280   860 FUNC    LOCAL  DEFAULT    1 locktestthread
   524: 8002c8a0     4 OBJECT  LOCAL  DEFAULT    5 testval1
   525: 8002c8a4     4 OBJECT  LOCAL  DEFAULT    5 testval2
   526: 8002c8a8     4 OBJECT  LOCAL  DEFAULT    5 testval3
   527: 80021710   620 FUNC    LOCAL  DEFAULT    1 cvtestthread
   528: 00000000     0 FILE    LOCAL  DEFAULT  ABS ../../test/malloctest.c
   529: 80021ad0   364 FUNC    LOCAL  DEFAULT    1 mallocthread
   530: 00000000     0 FILE    LOCAL  DEFAULT  ABS ../../test/fstest.c
   531: 8002c8c0     4 OBJECT  LOCAL  DEFAULT    5 threadsem
   532: 80021e10   128 FUNC    LOCAL  DEFAULT    1 init_threadsem
   533: 80029e78     7 OBJECT  LOCAL  DEFAULT    2 __PRETTY_FUNCTION__.1386
   534: 80021e90   576 FUNC    LOCAL  DEFAULT    1 rotate
   535: 80029ed8    16 OBJECT  LOCAL  DEFAULT    2 __PRETTY_FUNCTION__.1418
   536: 800220d0   192 FUNC    LOCAL  DEFAULT    1 fstest_makename
   537: 80022190   200 FUNC    LOCAL  DEFAULT    1 fstest_remove
   538: 80029f30    13 OBJECT  LOCAL  DEFAULT    2 __PRETTY_FUNCTION__.1451
   539: 80022258  1112 FUNC    LOCAL  DEFAULT    1 fstest_write
   540: 800226b0   924 FUNC    LOCAL  DEFAULT    1 fstest_read
   541: 80022a4c   244 FUNC    LOCAL  DEFAULT    1 dofstest
   542: 80022b40   132 FUNC    LOCAL  DEFAULT    1 readstress_thread
   543: 80022bc4   416 FUNC    LOCAL  DEFAULT    1 doreadstress
   544: 80022d64   352 FUNC    LOCAL  DEFAULT    1 writestress_thread
   545: 80022ec4   304 FUNC    LOCAL  DEFAULT    1 dowritestress
   546: 80022ff4   176 FUNC    LOCAL  DEFAULT    1 writestress2_thread
   547: 800230a4   556 FUNC    LOCAL  DEFAULT    1 dowritestress2
   548: 800232d0   436 FUNC    LOCAL  DEFAULT    1 createstress_thread
   549: 80023484   304 FUNC    LOCAL  DEFAULT    1 docreatestress
   550: 800235b4   212 FUNC    LOCAL  DEFAULT    1 checkfilesystem
   551: 00000000     0 FILE    LOCAL  DEFAULT  ABS ../../vm/uw-vmstats.c
   552: 8002c8d0     4 OBJECT  LOCAL  DEFAULT    5 stats_lock
   553: 8002aaf0    40 OBJECT  LOCAL  DEFAULT    4 stats_names
   554: 8002a54c    12 OBJECT  LOCAL  DEFAULT    2 __PRETTY_FUNCTION__.1009
   555: 8002a5a4    13 OBJECT  LOCAL  DEFAULT    2 __PRETTY_FUNCTION__.1021
   556: 8002a5e0    14 OBJECT  LOCAL  DEFAULT    2 __PRETTY_FUNCTION__.1033
   557: 8002a5f0    13 OBJECT  LOCAL  DEFAULT    2 __PRETTY_FUNCTION__.1042
   558: 8002c8d4    40 OBJECT  LOCAL  DEFAULT    5 stats_counts
   559: 00000000     0 FILE    LOCAL  DEFAULT  ABS ../../compile/ASST3/autoc
   560: 80024270   280 FUNC    LOCAL  DEFAULT    1 tryattach_emu_to_lamebus
   561: 8002c908     4 OBJECT  LOCAL  DEFAULT    5 nextunit_emu
   562: 80025268    40 FUNC    LOCAL  DEFAULT    1 autoconf_emu
   563: 80024388   280 FUNC    LOCAL  DEFAULT    1 tryattach_ltrace_to_lameb
   564: 8002c91c     4 OBJECT  LOCAL  DEFAULT    5 nextunit_ltrace
   565: 800252e0    40 FUNC    LOCAL  DEFAULT    1 autoconf_ltrace
   566: 800244a0   280 FUNC    LOCAL  DEFAULT    1 tryattach_ltimer_to_lameb
   567: 8002c918     4 OBJECT  LOCAL  DEFAULT    5 nextunit_ltimer
   568: 800251e8   128 FUNC    LOCAL  DEFAULT    1 autoconf_ltimer
   569: 800245b8   280 FUNC    LOCAL  DEFAULT    1 tryattach_lrandom_to_lame
   570: 8002c910     4 OBJECT  LOCAL  DEFAULT    5 nextunit_lrandom
   571: 80024ea0    88 FUNC    LOCAL  DEFAULT    1 autoconf_lrandom
   572: 800246d0   280 FUNC    LOCAL  DEFAULT    1 tryattach_lhd_to_lamebus
   573: 8002c90c     4 OBJECT  LOCAL  DEFAULT    5 nextunit_lhd
   574: 800252b8    40 FUNC    LOCAL  DEFAULT    1 autoconf_lhd
   575: 800247e8   280 FUNC    LOCAL  DEFAULT    1 tryattach_lser_to_lamebus
   576: 8002c914     4 OBJECT  LOCAL  DEFAULT    5 nextunit_lser
   577: 80025140    88 FUNC    LOCAL  DEFAULT    1 autoconf_lser
   578: 80024900   280 FUNC    LOCAL  DEFAULT    1 tryattach_beep_to_ltimer
   579: 8002c900     4 OBJECT  LOCAL  DEFAULT    5 nextunit_beep
   580: 80025198    40 FUNC    LOCAL  DEFAULT    1 autoconf_beep
   581: 80024a18   280 FUNC    LOCAL  DEFAULT    1 tryattach_con_to_lser
   582: 8002c904     4 OBJECT  LOCAL  DEFAULT    5 nextunit_con
   583: 800251c0    40 FUNC    LOCAL  DEFAULT    1 autoconf_con
   584: 80024b30   280 FUNC    LOCAL  DEFAULT    1 tryattach_rtclock_to_ltim
   585: 8002c924     4 OBJECT  LOCAL  DEFAULT    5 nextunit_rtclock
   586: 80024e78    40 FUNC    LOCAL  DEFAULT    1 autoconf_rtclock
   587: 80024c48   280 FUNC    LOCAL  DEFAULT    1 tryattach_random_to_lrand
   588: 8002c920     4 OBJECT  LOCAL  DEFAULT    5 nextunit_random
   589: 80025290    40 FUNC    LOCAL  DEFAULT    1 autoconf_random
   590: 80024d60   280 FUNC    LOCAL  DEFAULT    1 tryattach_random_to_pseud
   591: 80024ef8   104 FUNC    LOCAL  DEFAULT    1 autoconf_pseudorand
   592: 00000000     0 FILE    LOCAL  DEFAULT  ABS vers.c
   593: 8002c800     4 OBJECT  GLOBAL DEFAULT    5 dbflags
   594: 8000d1f4    60 FUNC    GLOBAL DEFAULT    1 longjmp
   595: 8000d6bc   296 FUNC    GLOBAL DEFAULT    1 copyinstr
   596: 8000c3fc    36 FUNC    GLOBAL DEFAULT    1 cpu_halt
   597: 80012cf0   168 FUNC    GLOBAL DEFAULT    1 strcpy
   598: 80017900   120 FUNC    GLOBAL DEFAULT    1 hardclock
   599: 800067b0   128 FUNC    GLOBAL DEFAULT    1 ltrace_on
   600: 8002c930     4 OBJECT  GLOBAL DEFAULT    5 in_interrupt
   601: 8000d1c0    52 FUNC    GLOBAL DEFAULT    1 setjmp
   602: 80023e98   164 FUNC    GLOBAL DEFAULT    1 vmstats_print
   603: 8000d7e4   296 FUNC    GLOBAL DEFAULT    1 copyoutstr
   604: 80015810   316 FUNC    GLOBAL DEFAULT    1 vfs_setbootfs
   605: 8001d840   580 FUNC    GLOBAL DEFAULT    1 waitpid
   606: 8000b060   604 FUNC    GLOBAL DEFAULT    1 sfs_rwblock
   607: 8002404c   548 FUNC    GLOBAL DEFAULT    1 _vmstats_print
   608: 80012ed0   456 FUNC    GLOBAL DEFAULT    1 strtok_r
   609: 80007040   264 FUNC    GLOBAL DEFAULT    1 attach_lhd_to_lamebus
   610: 80005d98   124 FUNC    GLOBAL DEFAULT    1 random
   611: 8001ad44   268 FUNC    GLOBAL DEFAULT    1 freePid
   612: 8001a144   700 FUNC    GLOBAL DEFAULT    1 thread_exit
   613: 80001488    44 FUNC    GLOBAL DEFAULT    1 pseudorand_randmax
   614: 8001651c   492 FUNC    GLOBAL DEFAULT    1 vfs_rename
   615: 800111b8   156 FUNC    GLOBAL DEFAULT    1 strerror
   616: 8001c1b8   100 FUNC    GLOBAL DEFAULT    1 menu
   617: 8000c8f4   144 FUNC    GLOBAL DEFAULT    1 md_forkentry
   618: 80017f0c   240 FUNC    GLOBAL DEFAULT    1 lock_destroy
   619: 80018890   148 FUNC    GLOBAL DEFAULT    1 scheduler_shutdown
   620: 80012890   484 FUNC    GLOBAL DEFAULT    1 memmove
   621: 800190d4   124 FUNC    GLOBAL DEFAULT    1 thread_panic
   622: 800123b8   100 FUNC    GLOBAL DEFAULT    1 snprintf
   623: 80017288   412 FUNC    GLOBAL DEFAULT    1 vnode_decopen
   624: 80016c80   336 FUNC    GLOBAL DEFAULT    1 vnode_init
   625: 8000b940     8 FUNC    GLOBAL DEFAULT    1 asm_usermode
   626: 800141d4  1044 FUNC    GLOBAL DEFAULT    1 vfs_getroot
   627: 800191b0   256 FUNC    GLOBAL DEFAULT    1 thread_bootstrap
   628: 80006930   128 FUNC    GLOBAL DEFAULT    1 ltrace_dump
   629: 80023688   144 FUNC    GLOBAL DEFAULT    1 fstest
   630: 8000b6bc   116 FUNC    GLOBAL DEFAULT    1 alloc_kpages
   631: 8000dad0   512 FUNC    GLOBAL DEFAULT    1 array_preallocate
   632: 80025370     0 NOTYPE  GLOBAL DEFAULT  ABS _etext
   633: 80015e0c   296 FUNC    GLOBAL DEFAULT    1 vfs_lookparent
   634: 80016438   228 FUNC    GLOBAL DEFAULT    1 vfs_remove
   635: 800140c0   276 FUNC    GLOBAL DEFAULT    1 vfs_sync
   636: 8000bbb0    64 FUNC    GLOBAL DEFAULT    1 md_reboot
   637: 8001d7f0    68 FUNC    GLOBAL DEFAULT    1 getpid
   638: 80017a00   264 FUNC    GLOBAL DEFAULT    1 sem_create
   639: 80023d94   260 FUNC    GLOBAL DEFAULT    1 vmstats_init
   640: 8000df9c   184 FUNC    GLOBAL DEFAULT    1 array_add
   641: 8000b730    36 FUNC    GLOBAL DEFAULT    1 free_kpages
   642: 8000b488    56 FUNC    GLOBAL DEFAULT    1 as_destroy
   643: 80001220   220 FUNC    GLOBAL DEFAULT    1 lrandom_read
   644: 80012700   388 FUNC    GLOBAL DEFAULT    1 memcpy
   645: 8000bcc0   256 FUNC    GLOBAL DEFAULT    1 mips_interrupt
   646: 8000d9c8   264 FUNC    GLOBAL DEFAULT    1 array_getguy
   647: 8000f310    48 FUNC    GLOBAL DEFAULT    1 q_getend
   648: 800109b4   168 FUNC    GLOBAL DEFAULT    1 kfree
   649: 800215dc   308 FUNC    GLOBAL DEFAULT    1 locktest
   650: 80016dd0   360 FUNC    GLOBAL DEFAULT    1 vnode_kill
   651: 80007150   204 FUNC    GLOBAL DEFAULT    1 attach_con_to_lser
   652: 8000e8d8   368 FUNC    GLOBAL DEFAULT    1 bitmap_unmark
   653: 80017b08   240 FUNC    GLOBAL DEFAULT    1 sem_destroy
   654: 8000b644    32 FUNC    GLOBAL DEFAULT    1 vm_bootstrap
   655: 8000c134   104 FUNC    GLOBAL DEFAULT    1 ram_getsize
   656: 80006f00   140 FUNC    GLOBAL DEFAULT    1 attach_rtclock_to_ltimer
   657: 8000ea48   120 FUNC    GLOBAL DEFAULT    1 bitmap_isset
   658: 8000bb10    96 FUNC    GLOBAL DEFAULT    1 lamebus_write_register
   659: 8000d464   296 FUNC    GLOBAL DEFAULT    1 copyout
   660: 80015424   736 FUNC    GLOBAL DEFAULT    1 vfs_unmountall
   661: 8000b5e0    56 FUNC    GLOBAL DEFAULT    1 as_define_stack
   662: 800122f0   200 FUNC    GLOBAL DEFAULT    1 vsnprintf
   663: 80006f90   172 FUNC    GLOBAL DEFAULT    1 attach_random_to_pseudora
   664: 8001a9d0   100 FUNC    GLOBAL DEFAULT    1 process_table_bootstrap
   665: 80027580     4 OBJECT  GLOBAL DEFAULT    2 sys_nerr
   666: 8000d130    36 FUNC    GLOBAL DEFAULT    1 TLB_Read
   667: 80001bd4   348 FUNC    GLOBAL DEFAULT    1 lamebus_detach_interrupt
   668: 8000152c   244 FUNC    GLOBAL DEFAULT    1 pseudorand_read
   669: 80018734   140 FUNC    GLOBAL DEFAULT    1 scheduler_preallocate
   670: 80006d10   220 FUNC    GLOBAL DEFAULT    1 attach_ltrace_to_lamebus
   671: 80002198   192 FUNC    GLOBAL DEFAULT    1 lamebus_init
   672: 8000d114    28 FUNC    GLOBAL DEFAULT    1 TLB_Write
   673: 8000f340    48 FUNC    GLOBAL DEFAULT    1 q_getsize
   674: 80016aac   228 FUNC    GLOBAL DEFAULT    1 vfs_mkdir
   675: 8002a930     4 OBJECT  GLOBAL DEFAULT    4 curspl
   676: 8000ee84   180 FUNC    GLOBAL DEFAULT    1 q_preallocate
   677: 80002870   172 FUNC    GLOBAL DEFAULT    1 config_beep
   678: 8002a900     4 OBJECT  GLOBAL DEFAULT    2 buildversion
   679: 80017e4c   192 FUNC    GLOBAL DEFAULT    1 lock_create
   680: 8000f2e0    48 FUNC    GLOBAL DEFAULT    1 q_getstart
   681: 80021ca0   356 FUNC    GLOBAL DEFAULT    1 mallocstress
   682: 8000b414   116 FUNC    GLOBAL DEFAULT    1 as_copy
   683: 800125e0   276 FUNC    GLOBAL DEFAULT    1 bzero
   684: 80001d30   736 FUNC    GLOBAL DEFAULT    1 lamebus_interrupt
   685: 80005fcc   212 FUNC    GLOBAL DEFAULT    1 lhd_irq
   686: 80017424   752 FUNC    GLOBAL DEFAULT    1 vnode_check
   687: 80003008   176 FUNC    GLOBAL DEFAULT    1 putch
   688: 8002101c   468 FUNC    GLOBAL DEFAULT    1 semtest
   689: 8002c94c     4 OBJECT  GLOBAL DEFAULT    5 pid_table
   690: 80002160    56 FUNC    GLOBAL DEFAULT    1 lamebus_ramsize
   691: 80023fe0   108 FUNC    GLOBAL DEFAULT    1 _vmstats_init
   692: 8001d040  1120 FUNC    GLOBAL DEFAULT    1 uiomove
   693: 8000e4f8   552 FUNC    GLOBAL DEFAULT    1 bitmap_alloc
   694: 80025308   104 FUNC    GLOBAL DEFAULT    1 pseudoconfig
   695: 8000c580   884 FUNC    GLOBAL DEFAULT    1 mips_syscall
   696: 800185f0   116 FUNC    GLOBAL DEFAULT    1 cv_signal
   697: 80012108   240 FUNC    GLOBAL DEFAULT    1 __vprintf
   698: 800130a0   224 FUNC    GLOBAL DEFAULT    1 dev_bootstrap
   699: 800237a8   144 FUNC    GLOBAL DEFAULT    1 writestress
   700: 80023cc0   212 FUNC    GLOBAL DEFAULT    1 vmstats_inc
   701: 8001a530   392 FUNC    GLOBAL DEFAULT    1 thread_wakeup
   702: 8000b760     8 FUNC    GLOBAL DEFAULT    1 mips_flushicache
   703: 800030b8   220 FUNC    GLOBAL DEFAULT    1 getch
   704: 8001f274   212 FUNC    GLOBAL DEFAULT    1 arraytest
   705: 800069f0   140 FUNC    GLOBAL DEFAULT    1 attach_beep_to_ltimer
   706: 800014b4   120 FUNC    GLOBAL DEFAULT    1 pseudoattach_pseudorand
   707: 80023718   144 FUNC    GLOBAL DEFAULT    1 readstress
   708: 80012e10   188 FUNC    GLOBAL DEFAULT    1 strrchr
   709: 80013d94   624 FUNC    GLOBAL DEFAULT    1 vfs_getcwd
   710: 800068b0   128 FUNC    GLOBAL DEFAULT    1 ltrace_debug
   711: 8000bc80    64 FUNC    GLOBAL DEFAULT    1 mips_lamebus_interrupt
   712: 8001d4a0   280 FUNC    GLOBAL DEFAULT    1 uiomovezeros
   713: 8001c458  1652 FUNC    GLOBAL DEFAULT    1 load_elf
   714: 8000b770    52 FUNC    GLOBAL DEFAULT    1 utlb_exception
   715: 8000b7a4     0 OBJECT  GLOBAL DEFAULT    1 utlb_exception_end
   716: 8001d650    96 FUNC    GLOBAL DEFAULT    1 write
   717: 8000afdc   132 FUNC    GLOBAL DEFAULT    1 sfs_getroot
   718: 80017978   124 FUNC    GLOBAL DEFAULT    1 clocksleep
   719: 8001a928    96 FUNC    GLOBAL DEFAULT    1 process_exit
   720: 800187c0   208 FUNC    GLOBAL DEFAULT    1 scheduler_killall
   721: 80012a80   100 FUNC    GLOBAL DEFAULT    1 strcat
   722: 8002c940     4 OBJECT  GLOBAL DEFAULT    5 lbolt
   723: 8002c934     4 OBJECT  GLOBAL DEFAULT    5 curkstack
   724: 8000d33c   296 FUNC    GLOBAL DEFAULT    1 copyin
   725: 80014d48    76 FUNC    GLOBAL DEFAULT    1 vfs_adddev
   726: 800112b8    40 FUNC    GLOBAL DEFAULT    1 ntohl
   727: 8000c990    24 FUNC    GLOBAL DEFAULT    1 mips_threadstart
   728: 8000ef38    72 FUNC    GLOBAL DEFAULT    1 q_empty
   729: 8001ab50   500 FUNC    GLOBAL DEFAULT    1 allocatePid
   730: 8001a490   160 FUNC    GLOBAL DEFAULT    1 thread_sleep
   731: 8000e240   648 FUNC    GLOBAL DEFAULT    1 bitmap_create
   732: 80002bac   316 FUNC    GLOBAL DEFAULT    1 ltimer_gettime
   733: 8000c420   220 FUNC    GLOBAL DEFAULT    1 __start
   734: 800011f8    40 FUNC    GLOBAL DEFAULT    1 lrandom_randmax
   735: 8000d060   148 FUNC    GLOBAL DEFAULT    1 md_usermode
   736: 80011338    48 FUNC    GLOBAL DEFAULT    1 htonll
   737: 80017d54   248 FUNC    GLOBAL DEFAULT    1 V
   738: 8000de88   276 FUNC    GLOBAL DEFAULT    1 array_setguy
   739: 8001594c    52 FUNC    GLOBAL DEFAULT    1 vfs_clearbootfs
   740: 8001aa34   152 FUNC    GLOBAL DEFAULT    1 no_hole_in_array
   741: 80005c38   352 FUNC    GLOBAL DEFAULT    1 config_random
   742: 8000b950   180 FUNC    GLOBAL DEFAULT    1 machdep_dev_bootstrap
   743: 8000d100    20 FUNC    GLOBAL DEFAULT    1 TLB_Random
   744: 80020078   104 FUNC    GLOBAL DEFAULT    1 threadtest2
   745: 8001a860   200 FUNC    GLOBAL DEFAULT    1 process_create
   746: 80003544   624 FUNC    GLOBAL DEFAULT    1 config_con
   747: 80006df0   264 FUNC    GLOBAL DEFAULT    1 attach_emu_to_lamebus
   748: 8000ed90   244 FUNC    GLOBAL DEFAULT    1 q_create
   749: 8000bfd0   188 FUNC    GLOBAL DEFAULT    1 ram_bootstrap
   750: 80018924   180 FUNC    GLOBAL DEFAULT    1 scheduler
   751: 80006584   544 FUNC    GLOBAL DEFAULT    1 config_lhd
   752: 8001da90   116 FUNC    GLOBAL DEFAULT    1 read
   753: 80001a10   452 FUNC    GLOBAL DEFAULT    1 lamebus_attach_interrupt
   754: 80002b3c   112 FUNC    GLOBAL DEFAULT    1 ltimer_beep
   755: 80020010   104 FUNC    GLOBAL DEFAULT    1 threadtest
   756: 800199dc   968 FUNC    GLOBAL DEFAULT    1 thread_fork
   757: 8002a904     6 OBJECT  GLOBAL DEFAULT    2 buildconfig
   758: 80014f5c   660 FUNC    GLOBAL DEFAULT    1 vfs_mount
   759: 80002260   664 FUNC    GLOBAL DEFAULT    1 lser_irq
   760: 8000e1d4   108 FUNC    GLOBAL DEFAULT    1 array_destroy
   761: 80023958   864 FUNC    GLOBAL DEFAULT    1 printfile
   762: 8000bab8    88 FUNC    GLOBAL DEFAULT    1 lamebus_read_register
   763: 800112e0    40 FUNC    GLOBAL DEFAULT    1 htonl
   764: 8000bbf0    48 FUNC    GLOBAL DEFAULT    1 md_halt
   765: 80016060   916 FUNC    GLOBAL DEFAULT    1 vfs_open
   766: 80013cf0   164 FUNC    GLOBAL DEFAULT    1 vfs_chdir
   767: 8000dcd0   440 FUNC    GLOBAL DEFAULT    1 array_setsize
   768: 8000e054   384 FUNC    GLOBAL DEFAULT    1 array_remove
   769: 80010ca8   288 FUNC    GLOBAL DEFAULT    1 panic
   770: 80002f4c   104 FUNC    GLOBAL DEFAULT    1 con_input
   771: 80011308    48 FUNC    GLOBAL DEFAULT    1 ntohll
   772: 8000bb70    64 FUNC    GLOBAL DEFAULT    1 md_poweroff
   773: 80018664    96 FUNC    GLOBAL DEFAULT    1 cv_broadcast
   774: 8001afc4   280 FUNC    GLOBAL DEFAULT    1 sys_reboot
   775: 8000ca70  1348 FUNC    GLOBAL DEFAULT    1 mips_trap
   776: 8001d750   156 FUNC    GLOBAL DEFAULT    1 fork
   777: 8001db10  3544 FUNC    GLOBAL DEFAULT    1 execv
   778: 80013c80   112 FUNC    GLOBAL DEFAULT    1 vfs_clearcurdir
   779: 80018278   192 FUNC    GLOBAL DEFAULT    1 cv_create
   780: 8000e4c8    48 FUNC    GLOBAL DEFAULT    1 bitmap_getdata
   781: 8000f248   152 FUNC    GLOBAL DEFAULT    1 q_destroy
   782: 8000c320   120 FUNC    GLOBAL DEFAULT    1 cpu_idle
   783: 80019150    96 FUNC    GLOBAL DEFAULT    1 one_thread_only
   784: 8000b2bc   116 FUNC    GLOBAL DEFAULT    1 sfs_rblock
   785: 80007220   248 FUNC    GLOBAL DEFAULT    1 attach_lser_to_lamebus
   786: 8000d910   136 FUNC    GLOBAL DEFAULT    1 array_create
   787: 800069b0    60 FUNC    GLOBAL DEFAULT    1 config_ltrace
   788: 8001f350  1552 FUNC    GLOBAL DEFAULT    1 bitmaptest
   789: 8001b120   164 FUNC    GLOBAL DEFAULT    1 getinterval
   790: 80016ffc   456 FUNC    GLOBAL DEFAULT    1 vnode_decref
   791: 8000b55c    52 FUNC    GLOBAL DEFAULT    1 as_define_region
   792: 800145e8   356 FUNC    GLOBAL DEFAULT    1 vfs_getdevname
   793: 80006c60   172 FUNC    GLOBAL DEFAULT    1 attach_random_to_lrandom
   794: 80017ffc   348 FUNC    GLOBAL DEFAULT    1 lock_acquire
   795: 80015710   104 FUNC    GLOBAL DEFAULT    1 vfs_initbootfs
   796: 8000bc20    48 FUNC    GLOBAL DEFAULT    1 md_panic
   797: 8000c1a0   136 FUNC    GLOBAL DEFAULT    1 splx
   798: 800177f4   268 FUNC    GLOBAL DEFAULT    1 devnull_create
   799: 80011260    44 FUNC    GLOBAL DEFAULT    1 ntohs
   800: 80027514   108 OBJECT  GLOBAL DEFAULT    2 sys_errlist
   801: 80018158   248 FUNC    GLOBAL DEFAULT    1 lock_release
   802: 800171c4   196 FUNC    GLOBAL DEFAULT    1 vnode_incopen
   803: 80001620   372 FUNC    GLOBAL DEFAULT    1 lamebus_probe
   804: 80001904   268 FUNC    GLOBAL DEFAULT    1 lamebus_unmark
   805: 800017fc   264 FUNC    GLOBAL DEFAULT    1 lamebus_mark
   806: 80016b90   228 FUNC    GLOBAL DEFAULT    1 vfs_rmdir
   807: 80018338   240 FUNC    GLOBAL DEFAULT    1 cv_destroy
   808: 80012bc0   300 FUNC    GLOBAL DEFAULT    1 strcmp
   809: 8000be1c   256 FUNC    GLOBAL DEFAULT    1 md_initpcb
   810: 80018a64   308 FUNC    GLOBAL DEFAULT    1 print_run_queue
   811: 80016f38   196 FUNC    GLOBAL DEFAULT    1 vnode_incref
   812: 80019318  1732 FUNC    GLOBAL DEFAULT    1 process_fork
   813: 8000d998    48 FUNC    GLOBAL DEFAULT    1 array_getnum
   814: 8000b3b0   100 FUNC    GLOBAL DEFAULT    1 as_create
   815: 80011130   136 FUNC    GLOBAL DEFAULT    1 kstrdup
   816: 8001cad0  1392 FUNC    GLOBAL DEFAULT    1 runprogram
   817: 8000b7a4    48 FUNC    GLOBAL DEFAULT    1 exception
   818: 8002c944     4 OBJECT  GLOBAL DEFAULT    5 cv_wakeup_one_thread
   819: 80014d94    72 FUNC    GLOBAL DEFAULT    1 vfs_addfs
   820: 800168e4   236 FUNC    GLOBAL DEFAULT    1 vfs_symlink
   821: 8001a7c8   148 FUNC    GLOBAL DEFAULT    1 mi_threadstart
   822: 80010aec   172 FUNC    GLOBAL DEFAULT    1 kprintf_bootstrap
   823: 80013b6c   276 FUNC    GLOBAL DEFAULT    1 vfs_setcurdir
   824: 80020bd0   244 FUNC    GLOBAL DEFAULT    1 threadtest3
   825: 8001a400   144 FUNC    GLOBAL DEFAULT    1 thread_yield
   826: 80023f3c   164 FUNC    GLOBAL DEFAULT    1 _vmstats_inc
   827: 800169d0   220 FUNC    GLOBAL DEFAULT    1 vfs_readlink
   828: 8000f370   176 FUNC    GLOBAL DEFAULT    1 q_getguy
   829: 80002a9c   160 FUNC    GLOBAL DEFAULT    1 ltimer_irq
   830: 80002054    80 FUNC    GLOBAL DEFAULT    1 lamebus_poweroff
   831: 8000d154    48 FUNC    GLOBAL DEFAULT    1 TLB_Probe
   832: 800029a0   252 FUNC    GLOBAL DEFAULT    1 config_ltimer
   833: 8000118c   108 FUNC    GLOBAL DEFAULT    1 lrandom_random
   834: 80001160    44 FUNC    GLOBAL DEFAULT    1 config_lrandom
   835: 80021c3c   100 FUNC    GLOBAL DEFAULT    1 malloctest
   836: 8000b5b8    40 FUNC    GLOBAL DEFAULT    1 as_complete_load
   837: 80024f60   480 FUNC    GLOBAL DEFAULT    1 autoconf_lamebus
   838: 8000cfb4   172 FUNC    GLOBAL DEFAULT    1 mips_usermode
   839: 80023838   144 FUNC    GLOBAL DEFAULT    1 writestress2
   840: 8000b330   120 FUNC    GLOBAL DEFAULT    1 sfs_wblock
   841: 8000b618    44 FUNC    GLOBAL DEFAULT    1 vm_fault
   842: 80018428   456 FUNC    GLOBAL DEFAULT    1 cv_wait
   843: 800027bc   176 FUNC    GLOBAL DEFAULT    1 config_lser
   844: 80018250    40 FUNC    GLOBAL DEFAULT    1 lock_do_i_hold
   845: 8000bc50    48 FUNC    GLOBAL DEFAULT    1 mips_ramsize
   846: 800010ac   172 FUNC    GLOBAL DEFAULT    1 gettime
   847: 800186d0   100 FUNC    GLOBAL DEFAULT    1 scheduler_bootstrap
   848: 80010b98   272 FUNC    GLOBAL DEFAULT    1 kprintf
   849: 8001a6b8   272 FUNC    GLOBAL DEFAULT    1 thread_hassleepers
   850: 8002c950     0 NOTYPE  GLOBAL DEFAULT  ABS _end
   851: 8001128c    44 FUNC    GLOBAL DEFAULT    1 htons
   852: 800163f4    68 FUNC    GLOBAL DEFAULT    1 vfs_close
   853: 8000291c   132 FUNC    GLOBAL DEFAULT    1 beep
   854: 8001d5b8   152 FUNC    GLOBAL DEFAULT    1 mk_kuio
   855: 80002674   328 FUNC    GLOBAL DEFAULT    1 lser_writepolled
   856: 80001300   392 FUNC    GLOBAL DEFAULT    1 pseudorand_random
   857: 80010904   176 FUNC    GLOBAL DEFAULT    1 kmalloc
   858: 8002197c   336 FUNC    GLOBAL DEFAULT    1 cvtest
   859: 800192b0   104 FUNC    GLOBAL DEFAULT    1 thread_shutdown
   860: 800238c8   144 FUNC    GLOBAL DEFAULT    1 createstress
   861: 80014010   176 FUNC    GLOBAL DEFAULT    1 vfs_bootstrap
   862: 8000ba04   180 FUNC    GLOBAL DEFAULT    1 lamebus_map_area
   863: 8000d184    60 FUNC    GLOBAL DEFAULT    1 TLB_Reset
   864: 80006a80   220 FUNC    GLOBAL DEFAULT    1 attach_lrandom_to_lamebus
   865: 8000fbac   152 FUNC    GLOBAL DEFAULT    1 kheap_printstats
   866: 80016708   476 FUNC    GLOBAL DEFAULT    1 vfs_link
   867: 80012420   440 FUNC    GLOBAL DEFAULT    1 atoi
   868: 80006830   128 FUNC    GLOBAL DEFAULT    1 ltrace_off
   869: 80007b8c    68 FUNC    GLOBAL DEFAULT    1 sfs_mount
   870: 80002fb4    84 FUNC    GLOBAL DEFAULT    1 con_start
   871: 80001000   172 FUNC    GLOBAL DEFAULT    1 config_rtclock
   872: 8000ef80   408 FUNC    GLOBAL DEFAULT    1 q_addtail
   873: 8001d6b0   152 FUNC    GLOBAL DEFAULT    1 _exit
   874: 8001b0dc    68 FUNC    GLOBAL DEFAULT    1 kmain
   875: 8002c938     4 OBJECT  GLOBAL DEFAULT    5 firstfree
   876: 8001aacc   132 FUNC    GLOBAL DEFAULT    1 findProcessId
   877: 800151f0   564 FUNC    GLOBAL DEFAULT    1 vfs_unmount
   878: 80012da0   100 FUNC    GLOBAL DEFAULT    1 strlen
   879: 8000c2b8    52 FUNC    GLOBAL DEFAULT    1 splhigh
   880: 8000e720   328 FUNC    GLOBAL DEFAULT    1 bitmap_mark
   881: 8001fc48   176 FUNC    GLOBAL DEFAULT    1 queuetest
   882: 8002c93c     4 OBJECT  GLOBAL DEFAULT    5 save_trapframe
   883: 80013a0c   188 FUNC    GLOBAL DEFAULT    1 dev_create_vnode
   884: 8000c500   116 FUNC    GLOBAL DEFAULT    1 mips_switch
   885: 80006b60   248 FUNC    GLOBAL DEFAULT    1 attach_ltimer_to_lamebus
   886: 80012af0   208 FUNC    GLOBAL DEFAULT    1 strchr
   887: 80005e14   124 FUNC    GLOBAL DEFAULT    1 randmax
   888: 8000b7d4     0 OBJECT  GLOBAL DEFAULT    1 exception_end
   889: 8001a988    72 FUNC    GLOBAL DEFAULT    1 pid_table_shutdown
   890: 8000c2ec    52 FUNC    GLOBAL DEFAULT    1 spl0
   891: 8000b4c0   156 FUNC    GLOBAL DEFAULT    1 as_activate
   892: 8002c948     4 OBJECT  GLOBAL DEFAULT    5 curthread
   893: 8000bdc0    92 FUNC    GLOBAL DEFAULT    1 md_initpcb0
   894: 800024f8   192 FUNC    GLOBAL DEFAULT    1 lser_write
   895: 8000b590    40 FUNC    GLOBAL DEFAULT    1 as_prepare_load
   896: 80017bf8   348 FUNC    GLOBAL DEFAULT    1 P
   897: 8000eac0    84 FUNC    GLOBAL DEFAULT    1 bitmap_destroy
   898: 800189d8   140 FUNC    GLOBAL DEFAULT    1 make_runnable
   899: 8000c08c   168 FUNC    GLOBAL DEFAULT    1 ram_stealmem
   900: 80015f34   288 FUNC    GLOBAL DEFAULT    1 vfs_lookup
   901: 8000f118   304 FUNC    GLOBAL DEFAULT    1 q_remhead
   902: 8000bf1c   180 FUNC    GLOBAL DEFAULT    1 md_switch
   903: 80010e1c   776 FUNC    GLOBAL DEFAULT    1 kgets
   904: 800037c0   136 FUNC    GLOBAL DEFAULT    1 emu_irq
   905: 80005984   364 FUNC    GLOBAL DEFAULT    1 config_emu
   906: 80013ad0   156 FUNC    GLOBAL DEFAULT    1 vfs_getcurdir

No version information found in this file.
